d 3 0
d 3 1
d 3 2
d 3 3
d 3 4
d 3 5
d 3 6
d 3 7
d 3 8
d 3 9
d 3 10
d 3 11
d 3 12
d 3 13
d 3 14
d 3 15
d 3 16
d 3 17
d 3 18
d 3 19
d 3 20
d 3 21
d 3 22
d 3 23
d 3 24
d 3 25
d 3 26
d 3 27
d 3 28
d 3 29
d 3 30
d 3 31
d 3 32
d 3 33
d 3 34
d 3 35
d 3 36
d 3 37
d 3 38
d 3 39
d 3 40
d 3 41
d 3 42
d 3 43
d 3 44
d 3 45
d 3 46
d 3 47
d 3 48
d 3 49
d 3 50
d 3 51
d 3 52
d 3 53
d 3 54
d 3 55
d 3 56
d 3 57
d 3 58
d 3 59
d 3 60
d 3 61
d 3 62
d 3 63
d 3 64
d 3 65
d 3 66
d 3 67
d 3 68
d 3 69
d 3 70
d 3 71
d 3 72
d 3 73
d 3 74
d 3 75
d 3 76
d 3 77
d 3 78
d 3 79
d 3 80
d 3 81
d 3 82
d 3 83
d 3 84
d 3 85
d 3 86
d 3 87
d 3 88
d 3 89
d 3 90
d 3 91
d 3 92
d 3 93
d 3 94
d 3 95
d 3 96
d 3 97
d 3 98
d 3 99
d 2 0
d 2 1
d 2 2
d 2 3
d 2 4
d 2 5
d 2 6
d 2 7
d 2 8
d 2 9
d 2 10
d 2 11
d 2 12
d 2 13
d 2 14
d 2 15
d 2 16
d 2 17
d 2 18
d 2 19
d 2 20
d 2 21
d 2 22
d 2 23
d 2 24
d 2 25
d 2 26
d 2 27
d 2 28
d 2 29
d 2 30
d 2 31
d 2 32
d 2 33
d 2 34
d 2 35
d 2 36
d 2 37
d 2 38
d 2 39
d 2 40
d 2 41
d 2 42
d 2 43
d 2 44
d 2 45
d 2 46
d 2 47
d 2 48
d 2 49
d 2 50
d 2 51
d 2 52
d 2 53
d 2 54
d 2 55
d 2 56
d 2 57
d 2 58
d 2 59
d 2 60
d 2 61
d 2 62
d 2 63
d 2 64
d 2 65
d 2 66
d 2 67
d 2 68
d 2 69
d 2 70
d 2 71
d 2 72
d 2 73
d 2 74
d 2 75
d 2 76
d 2 77
d 2 78
d 2 79
d 2 80
d 2 81
d 2 82
d 2 83
d 2 84
d 2 85
d 2 86
d 2 87
d 2 88
d 2 89
d 2 90
d 2 91
d 2 92
d 2 93
d 2 94
d 2 95
d 2 96
d 2 97
d 2 98
d 2 99
d 2 100
d 2 101
d 2 102
d 2 103
d 2 104
d 2 105
d 2 106
d 2 107
d 2 108
d 2 109
d 2 110
d 2 111
d 2 112
d 2 113
d 2 114
d 2 115
d 2 116
d 2 117
d 2 118
d 2 119
d 2 120
d 2 121
d 2 122
d 2 123
d 2 124
d 2 125
d 2 126
d 2 127
d 2 128
d 2 129
d 2 130
d 2 131
d 2 132
d 2 133
d 2 134
d 2 135
d 2 136
d 2 137
d 2 138
d 2 139
d 2 140
d 2 141
d 2 142
d 2 143
d 2 144
d 2 145
d 2 146
d 2 147
d 2 148
d 2 149
d 2 150
d 2 151
d 2 152
d 2 153
d 2 154
d 2 155
d 2 156
d 2 157
d 2 158
d 2 159
d 2 160
d 2 161
d 2 162
d 2 163
d 2 164
d 2 165
d 2 166
d 2 167
d 2 168
d 2 169
d 2 170
d 2 171
d 2 172
d 2 173
d 2 174
d 2 175
d 2 176
d 2 177
d 2 178
d 2 179
d 2 180
d 2 181
d 2 182
d 2 183
d 2 184
d 2 185
d 2 186
d 2 187
d 2 188
d 2 189
d 2 190
d 2 191
d 2 192
d 2 193
d 2 194
d 2 195
d 2 196
d 2 197
d 2 198
d 2 199
d 3 100
d 3 101
d 3 102
d 3 103
d 3 104
d 3 105
d 3 106
d 3 107
d 3 108
d 3 109
d 3 110
d 3 111
d 3 112
d 3 113
d 3 114
d 3 115
d 2 200
d 2 201
d 2 202
d 2 203
d 2 204
d 2 205
d 2 206
d 2 207
d 2 208
d 2 209
d 2 210
d 2 211
d 2 212
d 2 213
d 2 214
d 2 215
d 2 216
d 2 217
d 2 218
d 2 219
d 2 220
d 2 221
d 2 222
d 2 223
d 2 224
d 2 225
d 2 226
d 2 227
d 2 228
d 2 229
d 2 230
d 2 231
d 2 232
d 2 233
d 2 234
d 2 235
d 2 236
d 2 237
d 2 238
d 2 239
d 2 240
d 2 241
d 2 242
d 2 243
d 2 244
d 2 245
d 2 246
d 2 247
d 2 248
d 2 249
d 2 250
d 2 251
d 2 252
d 2 253
d 2 254
d 2 255
d 2 256
d 2 257
d 2 258
d 2 259
d 2 260
d 2 261
d 2 262
d 2 263
d 2 264
d 2 265
d 2 266
d 2 267
d 2 268
d 2 269
d 2 270
d 2 271
d 2 272
d 2 273
d 2 274
d 2 275
d 2 276
d 2 277
d 2 278
d 2 279
d 2 280
d 2 281
d 2 282
d 2 283
d 2 284
d 2 285
d 2 286
d 2 287
d 2 288
d 2 289
d 2 290
d 2 291
d 2 292
d 2 293
d 2 294
d 2 295
d 2 296
d 2 297
d 2 298
d 2 299
d 2 300
d 2 301
d 2 302
d 2 303
d 2 304
d 2 305
d 2 306
d 2 307
d 2 308
d 2 309
d 2 310
d 2 311
d 2 312
d 2 313
d 2 314
d 2 315
d 2 316
d 2 317
d 2 318
d 2 319
d 2 320
d 2 321
d 2 322
d 2 323
d 2 324
d 2 325
d 2 326
d 2 327
d 2 328
d 2 329
d 2 330
d 2 331
d 2 332
d 2 333
d 2 334
d 2 335
d 2 336
d 2 337
d 2 338
d 2 339
d 2 340
d 2 341
d 2 342
d 2 343
d 2 344
d 2 345
d 2 346
d 3 116
d 3 117
d 3 118
d 3 119
d 3 120
d 3 121
d 3 122
d 3 123
d 3 124
d 3 125
d 3 126
d 3 127
d 3 128
d 3 129
d 3 130
d 3 131
d 2 347
d 2 348
d 2 349
d 2 350
d 2 351
d 2 352
d 2 353
d 2 354
d 2 355
d 2 356
d 2 357
d 2 358
d 2 359
d 2 360
d 2 361
d 2 362
d 2 363
d 2 364
d 2 365
d 2 366
d 2 367
d 2 368
d 2 369
d 2 370
d 2 371
d 2 372
d 2 373
d 2 374
d 2 375
d 2 376
d 2 377
d 2 378
d 2 379
d 2 380
d 2 381
d 2 382
d 2 383
d 2 384
d 2 385
d 2 386
d 2 387
d 2 388
d 2 389
d 2 390
d 2 391
d 2 392
d 2 393
d 2 394
d 2 395
d 2 396
d 2 397
d 2 398
d 2 399
d 3 132
d 3 133
d 3 134
d 3 135
d 3 136
d 3 137
d 3 138
d 3 139
d 3 140
d 3 141
d 3 142
d 3 143
d 3 144
d 3 145
d 3 146
d 3 147
d 3 148
d 3 149
d 3 150
d 3 151
d 3 152
d 3 153
d 3 154
d 3 155
d 3 156
d 3 157
d 3 158
d 3 159
d 3 160
d 3 161
d 3 162
d 3 163
d 3 164
d 3 165
d 3 166
d 3 167
d 3 168
d 3 169
d 3 170
d 3 171
d 3 172
d 3 173
d 3 174
d 3 175
d 3 176
d 3 177
d 3 178
d 3 179
d 3 180
d 3 181
d 3 182
d 3 183
d 3 184
d 3 185
d 3 186
d 3 187
d 3 188
d 3 189
d 3 190
d 3 191
d 3 192
d 3 193
d 3 194
d 3 195
d 3 196
d 3 197
d 3 198
d 3 199
d 3 200
d 3 201
d 3 202
d 3 203
d 3 204
d 3 205
d 3 206
d 3 207
d 3 208
d 3 209
d 3 210
d 3 211
d 3 212
d 3 213
d 3 214
d 3 215
d 3 216
d 3 217
d 3 218
d 3 219
d 3 220
d 3 221
d 3 222
d 3 223
d 3 224
d 3 225
d 3 226
d 3 227
d 3 228
d 3 229
d 3 230
d 3 231
d 2 400
d 2 401
d 2 402
d 2 403
d 2 404
d 2 405
d 2 406
d 2 407
d 2 408
d 2 409
d 2 410
d 2 411
d 2 412
d 2 413
d 2 414
d 2 415
d 2 416
d 2 417
d 2 418
d 2 419
d 2 420
d 2 421
d 2 422
d 2 423
d 2 424
d 2 425
d 2 426
d 2 427
d 2 428
d 2 429
d 2 430
d 2 431
d 2 432
d 2 433
d 2 434
d 2 435
d 2 436
d 2 437
d 2 438
d 2 439
d 2 440
d 2 441
d 2 442
d 2 443
d 2 444
d 2 445
d 2 446
d 2 447
d 2 448
d 2 449
d 2 450
d 2 451
d 2 452
d 2 453
d 2 454
d 2 455
d 2 456
d 2 457
d 2 458
d 2 459
d 2 460
d 2 461
d 2 462
d 2 463
d 2 464
d 2 465
d 2 466
d 2 467
d 2 468
d 2 469
d 2 470
d 2 471
d 2 472
d 2 473
d 2 474
d 2 475
d 2 476
d 2 477
d 2 478
d 2 479
d 2 480
d 2 481
d 2 482
d 2 483
d 2 484
d 2 485
d 2 486
d 2 487
d 2 488
d 2 489
d 2 490
d 2 491
d 2 492
d 2 493
d 2 494
d 2 495
d 2 496
d 2 497
d 2 498
d 2 499
d 3 232
d 3 233
d 3 234
d 3 235
d 3 236
d 3 237
d 3 238
d 3 239
d 3 240
d 3 241
d 3 242
d 3 243
d 3 244
d 3 245
d 3 246
d 3 247
d 3 248
d 3 249
d 3 250
d 3 251
d 3 252
d 3 253
d 3 254
d 3 255
d 3 256
d 3 257
d 3 258
d 3 259
d 3 260
d 3 261
d 3 262
d 3 263
d 3 264
d 3 265
d 3 266
d 3 267
d 3 268
d 3 269
d 3 270
d 3 271
d 3 272
d 3 273
d 3 274
d 3 275
d 3 276
d 3 277
d 3 278
d 3 279
d 3 280
d 3 281
d 3 282
d 3 283
d 3 284
d 3 285
d 3 286
d 3 287
d 3 288
d 3 289
d 3 290
d 3 291
d 3 292
d 3 293
d 3 294
d 3 295
d 3 296
d 3 297
d 3 298
d 3 299
d 3 300
d 3 301
d 3 302
d 3 303
d 3 304
d 3 305
d 3 306
d 3 307
d 3 308
d 3 309
d 3 310
d 3 311
d 3 312
d 3 313
d 3 314
d 3 315
d 3 316
d 3 317
d 3 318
d 3 319
d 3 320
d 3 321
d 3 322
d 3 323
d 3 324
d 3 325
d 3 326
d 3 327
d 3 328
d 3 329
d 3 330
d 3 331
d 2 500
d 2 501
d 2 502
d 2 503
d 2 504
d 2 505
d 2 506
d 2 507
d 2 508
d 2 509
d 2 510
d 2 511
d 2 512
d 2 513
d 2 514
d 2 515
d 2 516
d 2 517
d 2 518
d 2 519
d 2 520
d 2 521
d 2 522
d 2 523
d 2 524
d 2 525
d 2 526
d 2 527
d 2 528
d 2 529
d 2 530
d 2 531
d 2 532
d 2 533
d 2 534
d 2 535
d 2 536
d 2 537
d 2 538
d 2 539
d 2 540
d 2 541
d 2 542
d 2 543
d 2 544
d 2 545
d 2 546
d 2 547
d 2 548
d 2 549
d 2 550
d 2 551
d 2 552
d 2 553
d 2 554
d 2 555
d 2 556
d 2 557
d 2 558
d 2 559
d 2 560
d 2 561
d 2 562
d 2 563
d 2 564
d 2 565
d 2 566
d 2 567
d 2 568
d 2 569
d 2 570
d 2 571
d 2 572
d 2 573
d 2 574
d 2 575
d 2 576
d 2 577
d 2 578
d 2 579
d 2 580
d 2 581
d 2 582
d 2 583
d 2 584
d 2 585
d 2 586
d 2 587
d 2 588
d 2 589
d 2 590
d 2 591
d 2 592
d 2 593
d 2 594
d 2 595
d 2 596
d 2 597
d 2 598
d 2 599
d 3 332
d 3 333
d 3 334
d 3 335
d 3 336
d 3 337
d 3 338
d 3 339
d 3 340
d 3 341
d 3 342
d 3 343
d 3 344
d 3 345
d 3 346
d 3 347
d 3 348
d 3 349
d 3 350
d 3 351
d 3 352
d 3 353
d 3 354
d 3 355
d 3 356
d 3 357
d 3 358
d 3 359
d 3 360
d 3 361
d 3 362
d 3 363
d 3 364
d 3 365
d 3 366
d 3 367
d 3 368
d 3 369
d 3 370
d 3 371
d 3 372
d 3 373
d 3 374
d 3 375
d 3 376
d 3 377
d 3 378
d 3 379
d 3 380
d 3 381
d 3 382
d 3 383
d 3 384
d 3 385
d 3 386
d 3 387
d 3 388
d 3 389
d 3 390
d 3 391
d 3 392
d 3 393
d 3 394
d 3 395
d 3 396
d 3 397
d 3 398
d 3 399
d 3 400
d 3 401
d 3 402
d 3 403
d 3 404
d 3 405
d 3 406
d 3 407
d 3 408
d 3 409
d 3 410
d 3 411
d 3 412
d 3 413
d 3 414
d 3 415
d 3 416
d 3 417
d 3 418
d 3 419
d 3 420
d 3 421
d 3 422
d 3 423
d 3 424
d 3 425
d 3 426
d 3 427
d 3 428
d 3 429
d 3 430
d 3 431
d 2 600
d 2 601
d 2 602
d 2 603
d 2 604
d 2 605
d 2 606
d 2 607
d 2 608
d 2 609
d 2 610
d 2 611
d 2 612
d 2 613
d 2 614
d 2 615
d 2 616
d 2 617
d 2 618
d 2 619
d 2 620
d 2 621
d 2 622
d 2 623
d 2 624
d 2 625
d 2 626
d 2 627
d 2 628
d 2 629
d 2 630
d 2 631
d 2 632
d 2 633
d 2 634
d 2 635
d 2 636
d 2 637
d 2 638
d 2 639
d 2 640
d 2 641
d 2 642
d 2 643
d 2 644
d 2 645
d 2 646
d 2 647
d 2 648
d 2 649
d 2 650
d 2 651
d 2 652
d 2 653
d 2 654
d 2 655
d 2 656
d 2 657
d 2 658
d 2 659
d 2 660
d 2 661
d 2 662
d 2 663
d 2 664
d 2 665
d 2 666
d 2 667
d 2 668
d 2 669
d 2 670
d 2 671
d 2 672
d 2 673
d 2 674
d 2 675
d 2 676
d 2 677
d 2 678
d 2 679
d 2 680
d 2 681
d 2 682
d 2 683
d 2 684
d 2 685
d 2 686
d 2 687
d 2 688
d 2 689
d 2 690
d 2 691
d 2 692
d 2 693
d 2 694
d 2 695
d 2 696
d 2 697
d 2 698
d 2 699
d 2 700
d 2 701
d 2 702
d 2 703
d 2 704
d 2 705
d 2 706
d 2 707
d 2 708
d 2 709
d 2 710
d 2 711
d 2 712
d 2 713
d 2 714
d 2 715
d 2 716
d 2 717
d 2 718
d 2 719
d 2 720
d 2 721
d 2 722
d 2 723
d 2 724
d 2 725
d 2 726
d 2 727
d 2 728
d 2 729
d 2 730
d 2 731
d 2 732
d 2 733
d 2 734
d 2 735
d 2 736
d 2 737
d 2 738
d 2 739
d 2 740
d 2 741
d 2 742
d 2 743
d 2 744
d 2 745
d 2 746
d 2 747
d 2 748
d 2 749
d 2 750
d 2 751
d 2 752
d 2 753
d 2 754
d 2 755
d 2 756
d 2 757
d 2 758
d 2 759
d 2 760
d 2 761
d 2 762
d 2 763
d 2 764
d 2 765
d 2 766
d 2 767
d 2 768
d 2 769
d 2 770
d 2 771
d 2 772
d 2 773
d 2 774
d 2 775
d 2 776
d 2 777
d 2 778
d 2 779
d 2 780
d 2 781
d 2 782
d 2 783
d 2 784
d 2 785
d 2 786
d 2 787
d 2 788
d 2 789
d 2 790
d 2 791
d 2 792
d 2 793
d 2 794
d 2 795
d 2 796
d 2 797
d 2 798
d 2 799
d 3 432
d 3 433
d 3 434
d 3 435
d 3 436
d 3 437
d 3 438
d 3 439
d 3 440
d 3 441
d 3 442
d 3 443
d 3 444
d 3 445
d 3 446
d 3 447
d 3 448
d 3 449
d 3 450
d 3 451
d 3 452
d 3 453
d 3 454
d 3 455
d 3 456
d 3 457
d 3 458
d 3 459
d 3 460
d 3 461
d 3 462
d 3 463
d 3 464
d 3 465
d 3 466
d 3 467
d 3 468
d 3 469
d 3 470
d 3 471
d 3 472
d 3 473
d 3 474
d 3 475
d 3 476
d 3 477
d 3 478
d 3 479
d 3 480
d 3 481
d 3 482
d 3 483
d 3 484
d 3 485
d 3 486
d 3 487
d 3 488
d 3 489
d 3 490
d 3 491
d 3 492
d 3 493
d 3 494
d 3 495
d 3 496
d 3 497
d 3 498
d 3 499
d 3 500
d 3 501
d 3 502
d 3 503
d 3 504
d 3 505
d 3 506
d 3 507
d 3 508
d 3 509
d 3 510
d 3 511
d 3 512
d 3 513
d 3 514
d 3 515
d 3 516
d 3 517
d 3 518
d 3 519
d 3 520
d 3 521
d 3 522
d 3 523
d 3 524
d 3 525
d 3 526
d 3 527
d 3 528
d 3 529
d 3 530
d 3 531
d 3 532
d 2 800
d 2 801
d 2 802
d 2 803
d 2 804
d 2 805
d 2 806
d 2 807
d 2 808
d 2 809
d 2 810
d 2 811
d 2 812
d 2 813
d 2 814
d 2 815
d 2 816
d 2 817
d 2 818
d 2 819
d 2 820
d 2 821
d 2 822
d 2 823
d 2 824
d 2 825
d 2 826
d 2 827
d 2 828
d 2 829
d 2 830
d 2 831
d 2 832
d 2 833
d 2 834
d 2 835
d 2 836
d 2 837
d 2 838
d 2 839
d 2 840
d 2 841
d 2 842
d 2 843
d 2 844
d 2 845
d 2 846
d 2 847
d 2 848
d 2 849
d 2 850
d 2 851
d 2 852
d 2 853
d 2 854
d 2 855
d 2 856
d 2 857
d 2 858
d 2 859
d 2 860
d 2 861
d 2 862
d 2 863
d 2 864
d 2 865
d 2 866
d 2 867
d 2 868
d 2 869
d 2 870
d 2 871
d 2 872
d 2 873
d 2 874
d 2 875
d 2 876
d 2 877
d 2 878
d 2 879
d 2 880
d 2 881
d 2 882
d 2 883
d 2 884
d 2 885
d 2 886
d 2 887
d 2 888
d 2 889
d 2 890
d 2 891
d 2 892
d 2 893
d 2 894
d 2 895
d 2 896
d 2 897
d 2 898
d 2 899
d 3 533
d 3 534
d 3 535
d 3 536
d 3 537
d 3 538
d 3 539
d 3 540
d 3 541
d 3 542
d 3 543
d 3 544
d 3 545
d 3 546
d 3 547
d 3 548
d 3 549
d 3 550
d 3 551
d 3 552
d 3 553
d 3 554
d 3 555
d 3 556
d 3 557
d 3 558
d 3 559
d 3 560
d 3 561
d 3 562
d 3 563
d 3 564
d 3 565
d 3 566
d 3 567
d 3 568
d 3 569
d 3 570
d 3 571
d 3 572
d 3 573
d 3 574
d 3 575
d 3 576
d 3 577
d 3 578
d 3 579
d 3 580
d 3 581
d 3 582
d 3 583
d 3 584
d 3 585
d 3 586
d 3 587
d 3 588
d 3 589
d 3 590
d 3 591
d 3 592
d 3 593
d 3 594
d 3 595
d 3 596
d 3 597
d 3 598
d 3 599
d 3 600
d 3 601
d 3 602
d 3 603
d 3 604
d 3 605
d 3 606
d 3 607
d 3 608
d 3 609
d 3 610
d 3 611
d 3 612
d 3 613
d 3 614
d 3 615
d 3 616
d 3 617
d 3 618
d 3 619
d 3 620
d 3 621
d 3 622
d 3 623
d 3 624
d 3 625
d 3 626
d 3 627
d 3 628
d 3 629
d 3 630
d 3 631
d 3 632
d 2 900
d 2 901
d 2 902
d 2 903
d 2 904
d 2 905
d 2 906
d 2 907
d 2 908
d 2 909
d 2 910
d 2 911
d 2 912
d 2 913
d 2 914
d 2 915
d 2 916
d 2 917
d 2 918
d 2 919
d 2 920
d 2 921
d 2 922
d 2 923
d 2 924
d 2 925
d 2 926
d 2 927
d 2 928
d 2 929
d 2 930
d 2 931
d 2 932
d 2 933
d 2 934
d 2 935
d 2 936
d 2 937
d 2 938
d 2 939
d 2 940
d 2 941
d 2 942
d 2 943
d 2 944
d 2 945
d 2 946
d 2 947
d 2 948
d 2 949
d 2 950
d 2 951
d 2 952
d 2 953
d 2 954
d 2 955
d 2 956
d 2 957
d 2 958
d 2 959
d 2 960
d 2 961
d 2 962
d 2 963
d 2 964
d 2 965
d 2 966
d 2 967
d 2 968
d 2 969
d 2 970
d 2 971
d 2 972
d 2 973
d 2 974
d 2 975
d 2 976
d 2 977
d 2 978
d 2 979
d 2 980
d 2 981
d 2 982
d 2 983
d 2 984
d 2 985
d 2 986
d 2 987
d 2 988
d 2 989
d 2 990
d 2 991
d 2 992
d 2 993
d 2 994
d 2 995
d 2 996
d 2 997
d 2 998
d 2 999
d 3 633
d 3 634
d 3 635
d 3 636
d 3 637
d 3 638
d 3 639
d 3 640
d 3 641
d 3 642
d 3 643
d 3 644
d 3 645
d 3 646
d 3 647
d 3 648
d 3 649
d 3 650
d 3 651
d 3 652
d 3 653
d 3 654
d 3 655
d 3 656
d 3 657
d 3 658
d 3 659
d 3 660
d 3 661
d 3 662
d 3 663
d 3 664
d 3 665
d 3 666
d 3 667
d 3 668
d 3 669
d 3 670
d 3 671
d 3 672
d 3 673
d 3 674
d 3 675
d 3 676
d 3 677
d 3 678
d 3 679
d 3 680
d 3 681
d 3 682
d 3 683
d 3 684
d 3 685
d 3 686
d 3 687
d 3 688
d 3 689
d 3 690
d 3 691
d 3 692
d 3 693
d 3 694
d 3 695
d 3 696
d 3 697
d 3 698
d 3 699
d 3 700
d 3 701
d 3 702
d 3 703
d 3 704
d 3 705
d 3 706
d 3 707
d 3 708
d 3 709
d 3 710
d 3 711
d 3 712
d 3 713
d 3 714
d 3 715
d 3 716
d 3 717
d 3 718
d 3 719
d 3 720
d 3 721
d 3 722
d 3 723
d 3 724
d 3 725
d 3 726
d 3 727
d 3 728
d 3 729
d 3 730
d 3 731
d 3 732
d 3 733
d 3 734
d 3 735
d 3 736
d 3 737
d 3 738
d 3 739
d 3 740
d 3 741
d 3 742
d 3 743
d 3 744
d 3 745
d 3 746
d 3 747
d 3 748
d 3 749
d 3 750
d 3 751
d 3 752
d 3 753
d 3 754
d 3 755
d 3 756
d 3 757
d 3 758
d 3 759
d 3 760
d 3 761
d 3 762
d 3 763
d 3 764
d 3 765
d 3 766
d 3 767
d 3 768
d 3 769
d 3 770
d 3 771
d 3 772
d 3 773
d 3 774
d 3 775
d 3 776
d 3 777
d 3 778
d 3 779
d 3 780
d 3 781
d 3 782
d 3 783
d 3 784
d 3 785
d 3 786
d 3 787
d 3 788
d 3 789
d 3 790
d 3 791
d 3 792
d 3 793
d 3 794
d 3 795
d 3 796
d 3 797
d 3 798
d 3 799
d 3 800
d 3 801
d 3 802
d 3 803
d 3 804
d 3 805
d 3 806
d 3 807
d 3 808
d 3 809
d 3 810
d 3 811
d 3 812
d 3 813
d 3 814
d 3 815
d 3 816
d 3 817
d 3 818
d 3 819
d 3 820
d 3 821
d 3 822
d 3 823
d 3 824
d 3 825
d 3 826
d 3 827
d 3 828
d 3 829
d 3 830
d 3 831
d 3 832
d 3 833
d 3 834
d 3 835
d 3 836
d 3 837
d 3 838
d 3 839
d 3 840
d 3 841
d 3 842
d 3 843
d 3 844
d 3 845
d 3 846
d 3 847
d 3 848
d 3 849
d 3 850
d 3 851
d 3 852
d 3 853
d 3 854
d 3 855
d 3 856
d 3 857
d 3 858
d 3 859
d 3 860
d 3 861
d 3 862
d 3 863
d 3 864
d 3 865
d 3 866
d 3 867
d 3 868
d 3 869
d 3 870
d 3 871
d 3 872
d 3 873
d 3 874
d 3 875
d 3 876
d 3 877
d 3 878
d 3 879
d 3 880
d 3 881
d 3 882
d 3 883
d 3 884
d 3 885
d 3 886
d 3 887
d 3 888
d 3 889
d 3 890
d 3 891
d 3 892
d 3 893
d 3 894
d 3 895
d 3 896
d 3 897
d 3 898
d 3 899
d 3 900
d 3 901
d 3 902
d 3 903
d 3 904
d 3 905
d 3 906
d 3 907
d 3 908
d 3 909
d 3 910
d 3 911
d 3 912
d 3 913
d 3 914
d 3 915
d 3 916
d 3 917
d 3 918
d 3 919
d 3 920
d 3 921
d 3 922
d 3 923
d 3 924
d 3 925
d 3 926
d 3 927
d 3 928
d 3 929
d 3 930
d 3 931
d 3 932
d 3 933
d 3 934
d 3 935
d 3 936
d 3 937
d 3 938
d 3 939
d 3 940
d 3 941
d 3 942
d 3 943
d 3 944
d 3 945
d 3 946
d 3 947
d 3 948
d 3 949
d 3 950
d 3 951
d 3 952
d 3 953
d 3 954
d 3 955
d 3 956
d 3 957
d 3 958
d 3 959
d 3 960
d 3 961
d 3 962
d 3 963
d 3 964
d 3 965
d 3 966
d 3 967
d 3 968
d 3 969
d 3 970
d 3 971
d 3 972
d 3 973
d 3 974
d 3 975
d 3 976
d 3 977
d 3 978
d 3 979
d 3 980
d 3 981
d 3 982
d 3 983
d 3 984
d 3 985
d 3 986
d 3 987
d 3 988
d 3 989
d 3 990
d 3 991
d 3 992
d 3 993
d 3 994
d 3 995
d 3 996
d 3 997
d 3 998
d 3 999
d 4 0
d 4 1
d 4 2
d 4 3
d 4 4
d 4 5
d 4 6
d 4 7
d 4 8
d 4 9
d 4 10
d 4 11
d 4 12
d 4 13
d 4 14
d 4 15
d 4 16
d 4 17
d 4 18
d 4 19
d 4 20
d 4 21
d 4 22
d 4 23
d 4 24
d 4 25
d 4 26
d 4 27
d 4 28
d 4 29
d 4 30
d 4 31
d 4 32
d 4 33
d 4 34
d 4 35
d 4 36
d 4 37
d 4 38
d 4 39
d 4 40
d 4 41
d 4 42
d 4 43
d 4 44
d 4 45
d 4 46
d 4 47
d 4 48
d 4 49
d 4 50
d 4 51
d 4 52
d 4 53
d 4 54
d 4 55
d 4 56
d 4 57
d 4 58
d 4 59
d 4 60
d 4 61
d 4 62
d 4 63
d 4 64
d 4 65
d 4 66
d 4 67
d 4 68
d 4 69
d 4 70
d 4 71
d 4 72
d 4 73
d 4 74
d 4 75
d 4 76
d 4 77
d 4 78
d 4 79
d 4 80
d 4 81
d 4 82
d 4 83
d 4 84
d 4 85
d 4 86
d 4 87
d 4 88
d 4 89
d 4 90
d 4 91
d 4 92
d 4 93
d 4 94
d 4 95
d 4 96
d 4 97
d 4 98
d 4 99
d 1 0
d 1 1
d 1 2
d 1 3
d 1 4
d 1 5
d 1 6
d 1 7
d 1 8
d 1 9
d 1 10
d 1 11
d 1 12
d 1 13
d 1 14
d 1 15
d 1 16
d 1 17
d 1 18
d 1 19
d 1 20
d 1 21
d 1 22
d 1 23
d 1 24
d 1 25
d 1 26
d 1 27
d 1 28
d 1 29
d 1 30
d 1 31
d 1 32
d 1 33
d 1 34
d 1 35
d 1 36
d 1 37
d 1 38
d 1 39
d 1 40
d 1 41
d 1 42
d 1 43
d 1 44
d 1 45
d 1 46
d 1 47
d 1 48
d 1 49
d 1 50
d 1 51
d 1 52
d 1 53
d 1 54
d 1 55
d 1 56
d 1 57
d 1 58
d 1 59
d 1 60
d 1 61
d 1 62
d 1 63
d 1 64
d 1 65
d 1 66
d 1 67
d 1 68
d 1 69
d 1 70
d 1 71
d 1 72
d 1 73
d 1 74
d 1 75
d 1 76
d 1 77
d 1 78
d 1 79
d 1 80
d 1 81
d 1 82
d 1 83
d 1 84
d 1 85
d 1 86
d 1 87
d 1 88
d 1 89
d 1 90
d 1 91
d 1 92
d 1 93
d 1 94
d 1 95
d 1 96
d 1 97
d 1 98
d 1 99
d 1 100
d 1 101
d 1 102
d 1 103
d 1 104
d 1 105
d 1 106
d 1 107
d 1 108
d 1 109
d 1 110
d 1 111
d 1 112
d 1 113
d 1 114
d 1 115
d 1 116
d 1 117
d 1 118
d 1 119
d 1 120
d 1 121
d 1 122
d 1 123
d 1 124
d 1 125
d 1 126
d 1 127
d 1 128
d 1 129
d 1 130
d 1 131
d 1 132
d 1 133
d 1 134
d 1 135
d 1 136
d 1 137
d 1 138
d 1 139
d 1 140
d 1 141
d 1 142
d 1 143
d 1 144
d 1 145
d 1 146
d 1 147
d 1 148
d 1 149
d 1 150
d 1 151
d 1 152
d 1 153
d 1 154
d 1 155
d 1 156
d 1 157
d 1 158
d 1 159
d 1 160
d 1 161
d 1 162
d 1 163
d 1 164
d 1 165
d 1 166
d 1 167
d 1 168
d 1 169
d 1 170
d 1 171
d 1 172
d 1 173
d 1 174
d 1 175
d 1 176
d 1 177
d 1 178
d 1 179
d 1 180
d 1 181
d 1 182
d 1 183
d 1 184
d 1 185
d 1 186
d 1 187
d 1 188
d 1 189
d 1 190
d 1 191
d 1 192
d 1 193
d 1 194
d 1 195
d 1 196
d 1 197
d 1 198
d 1 199
d 1 200
d 1 201
d 1 202
d 1 203
d 1 204
d 1 205
d 1 206
d 1 207
d 1 208
d 1 209
d 1 210
d 1 211
d 1 212
d 1 213
d 1 214
d 1 215
d 1 216
d 1 217
d 1 218
d 1 219
d 1 220
d 1 221
d 1 222
d 1 223
d 1 224
d 1 225
d 1 226
d 1 227
d 1 228
d 1 229
d 1 230
d 1 231
d 1 232
d 1 233
d 1 234
d 1 235
d 1 236
d 1 237
d 1 238
d 1 239
d 1 240
d 1 241
d 1 242
d 1 243
d 1 244
d 1 245
d 1 246
d 1 247
d 1 248
d 1 249
d 1 250
d 1 251
d 1 252
d 1 253
d 1 254
d 1 255
d 1 256
d 1 257
d 1 258
d 1 259
d 1 260
d 1 261
d 1 262
d 1 263
d 1 264
d 1 265
d 1 266
d 1 267
d 1 268
d 1 269
d 1 270
d 1 271
d 1 272
d 1 273
d 1 274
d 1 275
d 1 276
d 1 277
d 1 278
d 1 279
d 1 280
d 1 281
d 1 282
d 1 283
d 1 284
d 1 285
d 1 286
d 1 287
d 1 288
d 1 289
d 1 290
d 1 291
d 1 292
d 1 293
d 1 294
d 1 295
d 1 296
d 1 297
d 1 298
d 1 299
d 1 300
d 1 301
d 1 302
d 1 303
d 1 304
d 1 305
d 1 306
d 1 307
d 1 308
d 1 309
d 1 310
d 1 311
d 1 312
d 1 313
d 1 314
d 1 315
d 1 316
d 1 317
d 1 318
d 1 319
d 1 320
d 1 321
d 1 322
d 1 323
d 1 324
d 1 325
d 1 326
d 1 327
d 1 328
d 1 329
d 1 330
d 1 331
d 1 332
d 1 333
d 1 334
d 1 335
d 1 336
d 1 337
d 1 338
d 1 339
d 1 340
d 1 341
d 1 342
d 1 343
d 1 344
d 1 345
d 1 346
d 1 347
d 1 348
d 1 349
d 1 350
d 1 351
d 1 352
d 1 353
d 1 354
d 1 355
d 1 356
d 1 357
d 1 358
d 1 359
d 1 360
d 1 361
d 1 362
d 1 363
d 1 364
d 1 365
d 1 366
d 1 367
d 1 368
d 1 369
d 1 370
d 1 371
d 1 372
d 1 373
d 1 374
d 1 375
d 1 376
d 1 377
d 1 378
d 1 379
d 1 380
d 1 381
d 1 382
d 1 383
d 1 384
d 1 385
d 1 386
d 1 387
d 1 388
d 1 389
d 1 390
d 1 391
d 1 392
d 1 393
d 1 394
d 1 395
d 1 396
d 1 397
d 1 398
d 1 399
d 1 400
d 1 401
d 1 402
d 1 403
d 1 404
d 1 405
d 1 406
d 1 407
d 1 408
d 1 409
d 1 410
d 1 411
d 1 412
d 1 413
d 1 414
d 1 415
d 1 416
d 1 417
d 1 418
d 1 419
d 1 420
d 1 421
d 1 422
d 1 423
d 1 424
d 1 425
d 1 426
d 1 427
d 1 428
d 1 429
d 1 430
d 1 431
d 1 432
d 1 433
d 1 434
d 1 435
d 1 436
d 1 437
d 1 438
d 1 439
d 1 440
d 1 441
d 1 442
d 1 443
d 1 444
d 1 445
d 1 446
d 1 447
d 1 448
d 1 449
d 1 450
d 1 451
d 1 452
d 1 453
d 1 454
d 1 455
d 1 456
d 1 457
d 1 458
d 1 459
d 1 460
d 1 461
d 1 462
d 1 463
d 1 464
d 1 465
d 1 466
d 1 467
d 1 468
d 1 469
d 1 470
d 1 471
d 1 472
d 1 473
d 1 474
d 1 475
d 1 476
d 1 477
d 1 478
d 1 479
d 1 480
d 1 481
d 1 482
d 1 483
d 1 484
d 1 485
d 1 486
d 1 487
d 1 488
d 1 489
d 1 490
d 1 491
d 1 492
d 1 493
d 1 494
d 1 495
d 1 496
d 1 497
d 1 498
d 1 499
d 1 500
d 1 501
d 1 502
d 1 503
d 1 504
d 1 505
d 1 506
d 1 507
d 1 508
d 1 509
d 1 510
d 1 511
d 1 512
d 1 513
d 1 514
d 1 515
d 1 516
d 1 517
d 1 518
d 1 519
d 1 520
d 1 521
d 1 522
d 1 523
d 1 524
d 1 525
d 1 526
d 1 527
d 1 528
d 1 529
d 1 530
d 1 531
d 1 532
d 1 533
d 1 534
d 1 535
d 1 536
d 1 537
d 1 538
d 1 539
d 1 540
d 1 541
d 1 542
d 1 543
d 1 544
d 1 545
d 1 546
d 1 547
d 1 548
d 1 549
d 1 550
d 1 551
d 1 552
d 1 553
d 1 554
d 1 555
d 1 556
d 1 557
d 1 558
d 1 559
d 1 560
d 1 561
d 1 562
d 1 563
d 1 564
d 1 565
d 1 566
d 1 567
d 1 568
d 1 569
d 1 570
d 1 571
d 1 572
d 1 573
d 1 574
d 1 575
d 1 576
d 1 577
d 1 578
d 1 579
d 1 580
d 1 581
d 1 582
d 1 583
d 1 584
d 1 585
d 1 586
d 1 587
d 1 588
d 1 589
d 1 590
d 1 591
d 1 592
d 1 593
d 1 594
d 1 595
d 1 596
d 1 597
d 1 598
d 1 599
d 1 600
d 1 601
d 1 602
d 1 603
d 1 604
d 1 605
d 1 606
d 1 607
d 1 608
d 1 609
d 1 610
d 1 611
d 1 612
d 1 613
d 1 614
d 1 615
d 1 616
d 1 617
d 1 618
d 1 619
d 1 620
d 1 621
d 1 622
d 1 623
d 1 624
d 1 625
d 1 626
d 1 627
d 1 628
d 1 629
d 1 630
d 1 631
d 1 632
d 1 633
d 1 634
d 1 635
d 1 636
d 1 637
d 1 638
d 1 639
d 1 640
d 1 641
d 1 642
d 1 643
d 1 644
d 1 645
d 1 646
d 1 647
d 1 648
d 1 649
d 1 650
d 1 651
d 1 652
d 1 653
d 1 654
d 1 655
d 1 656
d 1 657
d 1 658
d 1 659
d 1 660
d 1 661
d 1 662
d 1 663
d 1 664
d 1 665
d 1 666
d 1 667
d 1 668
d 1 669
d 1 670
d 1 671
d 1 672
d 1 673
d 1 674
d 1 675
d 1 676
d 1 677
d 1 678
d 1 679
d 1 680
d 1 681
d 1 682
d 1 683
d 1 684
d 1 685
d 1 686
d 1 687
d 1 688
d 1 689
d 1 690
d 1 691
d 1 692
d 1 693
d 1 694
d 1 695
d 1 696
d 1 697
d 1 698
d 1 699
d 1 700
d 1 701
d 1 702
d 1 703
d 1 704
d 1 705
d 1 706
d 1 707
d 1 708
d 1 709
d 1 710
d 1 711
d 1 712
d 1 713
d 1 714
d 1 715
d 1 716
d 1 717
d 1 718
d 1 719
d 1 720
d 1 721
d 1 722
d 1 723
d 1 724
d 1 725
d 1 726
d 1 727
d 1 728
d 1 729
d 1 730
d 1 731
d 1 732
d 1 733
d 1 734
d 1 735
d 1 736
d 1 737
d 1 738
d 1 739
d 1 740
d 1 741
d 1 742
d 1 743
d 1 744
d 1 745
d 1 746
d 1 747
d 1 748
d 1 749
d 1 750
d 1 751
d 1 752
d 1 753
d 1 754
d 1 755
d 1 756
d 1 757
d 1 758
d 1 759
d 1 760
d 1 761
d 1 762
d 1 763
d 1 764
d 1 765
d 1 766
d 1 767
d 1 768
d 1 769
d 1 770
d 1 771
d 1 772
d 1 773
d 1 774
d 1 775
d 1 776
d 1 777
d 1 778
d 1 779
d 1 780
d 1 781
d 1 782
d 1 783
d 1 784
d 1 785
d 1 786
d 1 787
d 1 788
d 1 789
d 1 790
d 1 791
d 1 792
d 1 793
d 1 794
d 1 795
d 1 796
d 1 797
d 1 798
d 1 799
d 1 800
d 1 801
d 1 802
d 1 803
d 1 804
d 1 805
d 1 806
d 1 807
d 1 808
d 1 809
d 1 810
d 1 811
d 1 812
d 1 813
d 1 814
d 1 815
d 1 816
d 1 817
d 1 818
d 1 819
d 1 820
d 1 821
d 1 822
d 1 823
d 1 824
d 1 825
d 1 826
d 1 827
d 1 828
d 1 829
d 1 830
d 1 831
d 1 832
d 1 833
d 1 834
d 1 835
d 1 836
d 1 837
d 1 838
d 1 839
d 1 840
d 1 841
d 1 842
d 1 843
d 1 844
d 1 845
d 1 846
d 1 847
d 1 848
d 1 849
d 1 850
d 1 851
d 1 852
d 1 853
d 1 854
d 1 855
d 1 856
d 1 857
d 1 858
d 1 859
d 1 860
d 1 861
d 1 862
d 1 863
d 1 864
d 1 865
d 1 866
d 1 867
d 1 868
d 1 869
d 1 870
d 1 871
d 1 872
d 1 873
d 1 874
d 1 875
d 1 876
d 1 877
d 1 878
d 1 879
d 1 880
d 1 881
d 1 882
d 1 883
d 1 884
d 1 885
d 1 886
d 1 887
d 1 888
d 1 889
d 1 890
d 1 891
d 1 892
d 1 893
d 1 894
d 1 895
d 1 896
d 1 897
d 1 898
d 1 899
d 1 900
d 1 901
d 1 902
d 1 903
d 1 904
d 1 905
d 1 906
d 1 907
d 1 908
d 1 909
d 1 910
d 1 911
d 1 912
d 1 913
d 1 914
d 1 915
d 1 916
d 1 917
d 1 918
d 1 919
d 1 920
d 1 921
d 1 922
d 1 923
d 1 924
d 1 925
d 1 926
d 1 927
d 1 928
d 1 929
d 1 930
d 1 931
d 1 932
d 1 933
d 1 934
d 1 935
d 1 936
d 1 937
d 1 938
d 1 939
d 1 940
d 1 941
d 1 942
d 1 943
d 1 944
d 1 945
d 1 946
d 1 947
d 1 948
d 1 949
d 1 950
d 1 951
d 1 952
d 1 953
d 1 954
d 1 955
d 1 956
d 1 957
d 1 958
d 1 959
d 1 960
d 1 961
d 1 962
d 1 963
d 1 964
d 1 965
d 1 966
d 1 967
d 1 968
d 1 969
d 1 970
d 1 971
d 1 972
d 1 973
d 1 974
d 1 975
d 1 976
d 1 977
d 1 978
d 1 979
d 1 980
d 1 981
d 1 982
d 1 983
d 1 984
d 1 985
d 1 986
d 1 987
d 1 988
d 1 989
d 1 990
d 1 991
d 1 992
d 1 993
d 1 994
d 1 995
d 1 996
d 1 997
d 1 998
d 1 999
d 4 100
d 4 101
d 4 102
d 4 103
d 4 104
d 4 105
d 4 106
d 4 107
d 4 108
d 4 109
d 4 110
d 4 111
d 4 112
d 4 113
d 4 114
d 4 115
d 4 116
d 4 117
d 4 118
d 4 119
d 4 120
d 4 121
d 4 122
d 4 123
d 4 124
d 4 125
d 4 126
d 4 127
d 4 128
d 4 129
d 4 130
d 4 131
d 4 132
d 4 133
d 4 134
d 4 135
d 4 136
d 4 137
d 4 138
d 4 139
d 4 140
d 4 141
d 4 142
d 4 143
d 4 144
d 4 145
d 4 146
d 4 147
d 4 148
d 4 149
d 4 150
d 4 151
d 4 152
d 4 153
d 4 154
d 4 155
d 4 156
d 4 157
d 4 158
d 4 159
d 4 160
d 4 161
d 4 162
d 4 163
d 4 164
d 4 165
d 4 166
d 4 167
d 4 168
d 4 169
d 4 170
d 4 171
d 4 172
d 4 173
d 4 174
d 4 175
d 4 176
d 4 177
d 4 178
d 4 179
d 4 180
d 4 181
d 4 182
d 4 183
d 4 184
d 4 185
d 4 186
d 4 187
d 4 188
d 4 189
d 4 190
d 4 191
d 4 192
d 4 193
d 4 194
d 4 195
d 4 196
d 4 197
d 4 198
d 4 199
d 4 200
d 4 201
d 4 202
d 4 203
d 4 204
d 4 205
d 4 206
d 4 207
d 4 208
d 4 209
d 4 210
d 4 211
d 4 212
d 4 213
d 4 214
d 4 215
d 4 216
d 4 217
d 4 218
d 4 219
d 4 220
d 4 221
d 4 222
d 4 223
d 4 224
d 4 225
d 4 226
d 4 227
d 4 228
d 4 229
d 4 230
d 4 231
d 4 232
d 4 233
d 4 234
d 4 235
d 4 236
d 4 237
d 4 238
d 4 239
d 4 240
d 4 241
d 4 242
d 4 243
d 4 244
d 4 245
d 4 246
d 4 247
d 4 248
d 4 249
d 4 250
d 4 251
d 4 252
d 4 253
d 4 254
d 4 255
d 4 256
d 4 257
d 4 258
d 4 259
d 4 260
d 4 261
d 4 262
d 4 263
d 4 264
d 4 265
d 4 266
d 4 267
d 4 268
d 4 269
d 4 270
d 4 271
d 4 272
d 4 273
d 4 274
d 4 275
d 4 276
d 4 277
d 4 278
d 4 279
d 4 280
d 4 281
d 4 282
d 4 283
d 4 284
d 4 285
d 4 286
d 4 287
d 4 288
d 4 289
d 4 290
d 4 291
d 4 292
d 4 293
d 4 294
d 4 295
d 4 296
d 4 297
d 4 298
d 4 299
d 4 300
d 4 301
d 4 302
d 4 303
d 4 304
d 4 305
d 4 306
d 4 307
d 4 308
d 4 309
d 4 310
d 4 311
d 4 312
d 4 313
d 4 314
d 4 315
d 4 316
d 4 317
d 4 318
d 4 319
d 4 320
d 4 321
d 4 322
d 4 323
d 4 324
d 4 325
d 4 326
d 4 327
d 4 328
d 4 329
d 4 330
d 4 331
d 4 332
d 4 333
d 4 334
d 4 335
d 4 336
d 4 337
d 4 338
d 4 339
d 4 340
d 4 341
d 4 342
d 4 343
d 4 344
d 4 345
d 4 346
d 4 347
d 4 348
d 4 349
d 4 350
d 4 351
d 4 352
d 4 353
d 4 354
d 4 355
d 4 356
d 4 357
d 4 358
d 4 359
d 4 360
d 4 361
d 4 362
d 4 363
d 4 364
d 4 365
d 4 366
d 4 367
d 4 368
d 4 369
d 4 370
d 4 371
d 4 372
d 4 373
d 4 374
d 4 375
d 4 376
d 4 377
d 4 378
d 4 379
d 4 380
d 4 381
d 4 382
d 4 383
d 4 384
d 4 385
d 4 386
d 4 387
d 4 388
d 4 389
d 4 390
d 4 391
d 4 392
d 4 393
d 4 394
d 4 395
d 4 396
d 4 397
d 4 398
d 4 399
d 4 400
d 4 401
d 4 402
d 4 403
d 4 404
d 4 405
d 4 406
d 4 407
d 4 408
d 4 409
d 4 410
d 4 411
d 4 412
d 4 413
d 4 414
d 4 415
d 4 416
d 4 417
d 4 418
d 4 419
d 4 420
d 4 421
d 4 422
d 4 423
d 4 424
d 4 425
d 4 426
d 4 427
d 4 428
d 4 429
d 4 430
d 4 431
d 4 432
d 4 433
d 4 434
d 4 435
d 4 436
d 4 437
d 4 438
d 4 439
d 4 440
d 4 441
d 4 442
d 4 443
d 4 444
d 4 445
d 4 446
d 4 447
d 4 448
d 4 449
d 4 450
d 4 451
d 4 452
d 4 453
d 4 454
d 4 455
d 4 456
d 4 457
d 4 458
d 4 459
d 4 460
d 4 461
d 4 462
d 4 463
d 4 464
d 4 465
d 4 466
d 4 467
d 4 468
d 4 469
d 4 470
d 4 471
d 4 472
d 4 473
d 4 474
d 4 475
d 4 476
d 4 477
d 4 478
d 4 479
d 4 480
d 4 481
d 4 482
d 4 483
d 4 484
d 4 485
d 4 486
d 4 487
d 4 488
d 4 489
d 4 490
d 4 491
d 4 492
d 4 493
d 4 494
d 4 495
d 4 496
d 4 497
d 4 498
d 4 499
d 4 500
d 4 501
d 4 502
d 4 503
d 4 504
d 4 505
d 4 506
d 4 507
d 4 508
d 4 509
d 4 510
d 4 511
d 4 512
d 4 513
d 4 514
d 4 515
d 4 516
d 4 517
d 4 518
d 4 519
d 4 520
d 4 521
d 4 522
d 4 523
d 4 524
d 4 525
d 4 526
d 4 527
d 4 528
d 4 529
d 4 530
d 4 531
d 4 532
d 4 533
d 4 534
d 4 535
d 4 536
d 4 537
d 4 538
d 4 539
d 4 540
d 4 541
d 4 542
d 4 543
d 4 544
d 4 545
d 4 546
d 4 547
d 4 548
d 4 549
d 4 550
d 4 551
d 4 552
d 4 553
d 4 554
d 4 555
d 4 556
d 4 557
d 4 558
d 4 559
d 4 560
d 4 561
d 4 562
d 4 563
d 4 564
d 4 565
d 4 566
d 4 567
d 4 568
d 4 569
d 4 570
d 4 571
d 4 572
d 4 573
d 4 574
d 4 575
d 4 576
d 4 577
d 4 578
d 4 579
d 4 580
d 4 581
d 4 582
d 4 583
d 4 584
d 4 585
d 4 586
d 4 587
d 4 588
d 4 589
d 4 590
d 4 591
d 4 592
d 4 593
d 4 594
d 4 595
d 4 596
d 4 597
d 4 598
d 4 599
d 4 600
d 4 601
d 4 602
d 4 603
d 4 604
d 4 605
d 4 606
d 4 607
d 4 608
d 4 609
d 4 610
d 4 611
d 4 612
d 4 613
d 4 614
d 4 615
d 4 616
d 4 617
d 4 618
d 4 619
d 4 620
d 4 621
d 4 622
d 4 623
d 4 624
d 4 625
d 4 626
d 4 627
d 4 628
d 4 629
d 4 630
d 4 631
d 4 632
d 4 633
d 4 634
d 4 635
d 4 636
d 4 637
d 4 638
d 4 639
d 4 640
d 4 641
d 4 642
d 4 643
d 4 644
d 4 645
d 4 646
d 4 647
d 4 648
d 4 649
d 4 650
d 4 651
d 4 652
d 4 653
d 4 654
d 4 655
d 4 656
d 4 657
d 4 658
d 4 659
d 4 660
d 4 661
d 4 662
d 4 663
d 4 664
d 4 665
d 4 666
d 4 667
d 4 668
d 4 669
d 4 670
d 4 671
d 4 672
d 4 673
d 4 674
d 4 675
d 4 676
d 4 677
d 4 678
d 4 679
d 4 680
d 4 681
d 4 682
d 4 683
d 4 684
d 4 685
d 4 686
d 4 687
d 4 688
d 4 689
d 4 690
d 4 691
d 4 692
d 4 693
d 4 694
d 4 695
d 4 696
d 4 697
d 4 698
d 4 699
d 4 700
d 4 701
d 4 702
d 4 703
d 4 704
d 4 705
d 4 706
d 4 707
d 4 708
d 4 709
d 4 710
d 4 711
d 4 712
d 4 713
d 4 714
d 4 715
d 4 716
d 4 717
d 4 718
d 4 719
d 4 720
d 4 721
d 4 722
d 4 723
d 4 724
d 4 725
d 4 726
d 4 727
d 4 728
d 4 729
d 4 730
d 4 731
d 4 732
d 4 733
d 4 734
d 4 735
d 4 736
d 4 737
d 4 738
d 4 739
d 4 740
d 4 741
d 4 742
d 4 743
d 4 744
d 4 745
d 4 746
d 4 747
d 4 748
d 4 749
d 4 750
d 4 751
d 4 752
d 4 753
d 4 754
d 4 755
d 4 756
d 4 757
d 4 758
d 4 759
d 4 760
d 4 761
d 4 762
d 4 763
d 4 764
d 4 765
d 4 766
d 4 767
d 4 768
d 4 769
d 4 770
d 4 771
d 4 772
d 4 773
d 4 774
d 4 775
d 4 776
d 4 777
d 4 778
d 4 779
d 4 780
d 4 781
d 4 782
d 4 783
d 4 784
d 4 785
d 4 786
d 4 787
d 4 788
d 4 789
d 4 790
d 4 791
d 4 792
d 4 793
d 4 794
d 4 795
d 4 796
d 4 797
d 4 798
d 4 799
d 4 800
d 4 801
d 4 802
d 4 803
d 4 804
d 4 805
d 4 806
d 4 807
d 4 808
d 4 809
d 4 810
d 4 811
d 4 812
d 4 813
d 4 814
d 4 815
d 4 816
d 4 817
d 4 818
d 4 819
d 4 820
d 4 821
d 4 822
d 4 823
d 4 824
d 4 825
d 4 826
d 4 827
d 4 828
d 4 829
d 4 830
d 4 831
d 4 832
d 4 833
d 4 834
d 4 835
d 4 836
d 4 837
d 4 838
d 4 839
d 4 840
d 4 841
d 4 842
d 4 843
d 4 844
d 4 845
d 4 846
d 4 847
d 4 848
d 4 849
d 4 850
d 4 851
d 4 852
d 4 853
d 4 854
d 4 855
d 4 856
d 4 857
d 4 858
d 4 859
d 4 860
d 4 861
d 4 862
d 4 863
d 4 864
d 4 865
d 4 866
d 4 867
d 4 868
d 4 869
d 4 870
d 4 871
d 4 872
d 4 873
d 4 874
d 4 875
d 4 876
d 4 877
d 4 878
d 4 879
d 4 880
d 4 881
d 4 882
d 4 883
d 4 884
d 4 885
d 4 886
d 4 887
d 4 888
d 4 889
d 4 890
d 4 891
d 4 892
d 4 893
d 4 894
d 4 895
d 4 896
d 4 897
d 4 898
d 4 899
d 4 900
d 4 901
d 4 902
d 4 903
d 4 904
d 4 905
d 4 906
d 4 907
d 4 908
d 4 909
d 4 910
d 4 911
d 4 912
d 4 913
d 4 914
d 4 915
d 4 916
d 4 917
d 4 918
d 4 919
d 4 920
d 4 921
d 4 922
d 4 923
d 4 924
d 4 925
d 4 926
d 4 927
d 4 928
d 4 929
d 4 930
d 4 931
d 4 932
d 4 933
d 4 934
d 4 935
d 4 936
d 4 937
d 4 938
d 4 939
d 4 940
d 4 941
d 4 942
d 4 943
d 4 944
d 4 945
d 4 946
d 4 947
d 4 948
d 4 949
d 4 950
d 4 951
d 4 952
d 4 953
d 4 954
d 4 955
d 4 956
d 4 957
d 4 958
d 4 959
d 4 960
d 4 961
d 4 962
d 4 963
d 4 964
d 4 965
d 4 966
d 4 967
d 4 968
d 4 969
d 4 970
d 4 971
d 4 972
d 4 973
d 4 974
d 4 975
d 4 976
d 4 977
d 4 978
d 4 979
d 4 980
d 4 981
d 4 982
d 4 983
d 4 984
d 4 985
d 4 986
d 4 987
d 4 988
d 4 989
d 4 990
d 4 991
d 4 992
d 4 993
d 4 994
d 4 995
d 4 996
d 4 997
d 4 998
d 4 999
